[2024-09-12T10:50:54.279] [DEBUG] default - debug 1 :  Promise { <pending> }
[2024-09-12T23:20:46.846] [DEBUG] default - debug data dospem :  [
  RefDosepemMhs {
    dataValues: { id_dospem_mhs: 1, nidn: '1', status_persetujuan: 'setuju' },
    _previousDataValues: { id_dospem_mhs: 1, nidn: '1', status_persetujuan: 'setuju' },
    uniqno: 1,
    _changed: Set(0) {},
    _options: {
      isNewRecord: false,
      _schema: null,
      _schemaDelimiter: '',
      raw: true,
      attributes: [Array]
    },
    isNewRecord: false
  },
  RefDosepemMhs {
    dataValues: { id_dospem_mhs: 5, nidn: '2', status_persetujuan: 'setuju' },
    _previousDataValues: { id_dospem_mhs: 5, nidn: '2', status_persetujuan: 'setuju' },
    uniqno: 1,
    _changed: Set(0) {},
    _options: {
      isNewRecord: false,
      _schema: null,
      _schemaDelimiter: '',
      raw: true,
      attributes: [Array]
    },
    isNewRecord: false
  }
]
[2024-09-12T23:21:49.255] [DEBUG] default - debug data dospem :  2
[2024-09-12T23:23:02.200] [DEBUG] default - debug data dospem :  2
